<?xml version="1.0" encoding="UTF-8"?>
<!-- Generated by org.testng.reporters.JUnitReportReporter -->
<testsuite hostname="DESKTOP-TO7D7TJ" failures="0" tests="3" name="test.searchTest" time="107.638" errors="0" timestamp="31 Mar 2020 06:20:51 GMT" skipped="0">
  <testcase classname="test.searchTest" name="searchTestMiami" time="38.486"/>
  <testcase classname="test.searchTest" name="searchTestLosAngeles" time="35.712"/>
  <testcase classname="test.searchTest" name="searchTestSeattle" time="33.440"/>
</testsuite> <!-- test.searchTest -->
