<?xml version="1.0" encoding="UTF-8"?>
<!-- Generated by org.testng.reporters.JUnitReportReporter -->
<testsuite hostname="DESKTOP-PKTTQ2M" failures="0" tests="1" name="com.home.test.stateTests" time="11.951" errors="0" timestamp="23 Mar 2020 05:12:22 GMT" skipped="0">
  <testcase classname="com.home.test.stateTests" name="SafensoundLinkTest" time="11.951"/>
</testsuite> <!-- com.home.test.stateTests -->
