<?xml version="1.0" encoding="UTF-8"?>
<!-- Generated by org.testng.reporters.JUnitReportReporter -->
<testsuite hostname="DESKTOP-PKTTQ2M" failures="0" tests="3" name="test.searchTest" time="107.590" errors="0" timestamp="24 Mar 2020 21:36:57 GMT" skipped="0">
  <testcase classname="test.searchTest" name="searchTestMiami" time="36.312"/>
  <testcase classname="test.searchTest" name="searchTestLosAngeles" time="35.752"/>
  <testcase classname="test.searchTest" name="searchTestSeattle" time="35.526"/>
</testsuite> <!-- test.searchTest -->
