<?xml version="1.0" encoding="UTF-8"?>
<!-- Generated by org.testng.reporters.JUnitReportReporter -->
<testsuite hostname="DESKTOP-PKTTQ2M" failures="0" tests="3" name="test.searchTest" time="91.013" errors="0" timestamp="23 Mar 2020 07:54:19 GMT" skipped="0">
  <testcase classname="test.searchTest" name="searchTestSeattle" time="30.025"/>
  <testcase classname="test.searchTest" name="searchTestLosAngeles" time="30.755"/>
  <testcase classname="test.searchTest" name="searchTestMiami" time="30.233"/>
</testsuite> <!-- test.searchTest -->
