<?xml version="1.0" encoding="UTF-8"?>
<!-- Generated by org.testng.reporters.JUnitReportReporter -->
<testsuite hostname="DESKTOP-PKTTQ2M" failures="0" tests="3" name="com.home.test.searchTest" time="89.825" errors="0" timestamp="23 Mar 2020 07:47:08 GMT" skipped="0">
  <testcase classname="com.home.test.searchTest" name="searchTestSeattle" time="29.369"/>
  <testcase classname="com.home.test.searchTest" name="searchTestLosAngeles" time="29.931"/>
  <testcase classname="com.home.test.searchTest" name="searchTestMiami" time="30.525"/>
</testsuite> <!-- com.home.test.searchTest -->
